0 info it worked if it ends with ok
1 verbose cli [ '/usr/bin/node', '/usr/bin/npm', 'i', 'memwatch', '-S' ]
2 info using npm@3.5.2
3 info using node@v8.10.0
4 silly loadCurrentTree Starting
5 silly install loadCurrentTree
6 silly install readLocalPackageData
7 silly fetchPackageMetaData memwatch
8 silly fetchNamedPackageData memwatch
9 silly mapToRegistry name memwatch
10 silly mapToRegistry using default registry
11 silly mapToRegistry registry https://registry.npmjs.org/
12 silly mapToRegistry uri https://registry.npmjs.org/memwatch
13 verbose request uri https://registry.npmjs.org/memwatch
14 verbose request no auth needed
15 info attempt registry request try #1 at 2:10:09 PM
16 verbose request id 4013e07617a0d2b3
17 verbose etag W/"5d3cf3ffb4d70d95c259938bd74e0640"
18 verbose lastModified Sun, 27 May 2018 07:48:27 GMT
19 http request GET https://registry.npmjs.org/memwatch
20 http 304 https://registry.npmjs.org/memwatch
21 verbose headers { date: 'Mon, 16 Jul 2018 12:10:10 GMT',
21 verbose headers   connection: 'keep-alive',
21 verbose headers   'set-cookie':
21 verbose headers    [ '__cfduid=d850ed260bc921d33f86bfc95bf780bec1531743010; expires=Tue, 16-Jul-19 12:10:10 GMT; path=/; domain=.registry.npmjs.org; HttpOnly' ],
21 verbose headers   'cache-control': 'max-age=300',
21 verbose headers   'cf-cache-status': 'MISS',
21 verbose headers   'cf-ray': '43b45d34ae9390ed-ZAG',
21 verbose headers   etag: '"5d3cf3ffb4d70d95c259938bd74e0640"',
21 verbose headers   'expect-ct': 'max-age=604800, report-uri="https://report-uri.cloudflare.com/cdn-cgi/beacon/expect-ct"',
21 verbose headers   'last-modified': 'Sun, 27 May 2018 07:48:27 GMT',
21 verbose headers   vary: 'accept-encoding, accept',
21 verbose headers   server: 'cloudflare' }
22 silly get cb [ 304,
22 silly get   { date: 'Mon, 16 Jul 2018 12:10:10 GMT',
22 silly get     connection: 'keep-alive',
22 silly get     'set-cookie':
22 silly get      [ '__cfduid=d850ed260bc921d33f86bfc95bf780bec1531743010; expires=Tue, 16-Jul-19 12:10:10 GMT; path=/; domain=.registry.npmjs.org; HttpOnly' ],
22 silly get     'cache-control': 'max-age=300',
22 silly get     'cf-cache-status': 'MISS',
22 silly get     'cf-ray': '43b45d34ae9390ed-ZAG',
22 silly get     etag: '"5d3cf3ffb4d70d95c259938bd74e0640"',
22 silly get     'expect-ct': 'max-age=604800, report-uri="https://report-uri.cloudflare.com/cdn-cgi/beacon/expect-ct"',
22 silly get     'last-modified': 'Sun, 27 May 2018 07:48:27 GMT',
22 silly get     vary: 'accept-encoding, accept',
22 silly get     server: 'cloudflare' } ]
23 verbose etag https://registry.npmjs.org/memwatch from cache
24 verbose get saving memwatch to /home/vladimir/.npm/registry.npmjs.org/memwatch/.cache.json
25 silly install normalizeTree
26 silly loadCurrentTree Finishing
27 silly loadIdealTree Starting
28 silly install loadIdealTree
29 silly cloneCurrentTree Starting
30 silly install cloneCurrentTreeToIdealTree
31 silly cloneCurrentTree Finishing
32 silly loadShrinkwrap Starting
33 silly install loadShrinkwrap
34 silly loadShrinkwrap Finishing
35 silly loadAllDepsIntoIdealTree Starting
36 silly install loadAllDepsIntoIdealTree
37 silly resolveWithNewModule memwatch@0.2.2 checking installable status
38 silly cache add args [ 'memwatch', null ]
39 verbose cache add spec memwatch
40 silly cache add parsed spec Result {
40 silly cache add   raw: 'memwatch',
40 silly cache add   scope: null,
40 silly cache add   name: 'memwatch',
40 silly cache add   rawSpec: '',
40 silly cache add   spec: 'latest',
40 silly cache add   type: 'tag' }
41 silly addNamed memwatch@latest
42 verbose addNamed "latest" is being treated as a dist-tag for memwatch
43 info addNameTag [ 'memwatch', 'latest' ]
44 silly mapToRegistry name memwatch
45 silly mapToRegistry using default registry
46 silly mapToRegistry registry https://registry.npmjs.org/
47 silly mapToRegistry uri https://registry.npmjs.org/memwatch
48 verbose addNameTag registry:https://registry.npmjs.org/memwatch not in flight; fetching
49 verbose get https://registry.npmjs.org/memwatch not expired, no request
50 silly addNameTag next cb for memwatch with tag latest
51 silly addNamed memwatch@0.2.2
52 verbose addNamed "0.2.2" is a plain semver version for memwatch
53 silly cache afterAdd memwatch@0.2.2
54 verbose afterAdd /home/vladimir/.npm/memwatch/0.2.2/package/package.json not in flight; writing
55 verbose afterAdd /home/vladimir/.npm/memwatch/0.2.2/package/package.json written
56 silly loadAllDepsIntoIdealTree Finishing
57 silly idealTree:prePrune tests@1.0.0
57 silly idealTree:prePrune ├── @types/bson@1.0.10
57 silly idealTree:prePrune ├── @types/events@1.2.0
57 silly idealTree:prePrune ├── @types/mongodb@3.1.1
57 silly idealTree:prePrune ├── @types/node@10.5.2
57 silly idealTree:prePrune ├── bson@1.0.9
57 silly idealTree:prePrune ├── memwatch@0.2.2
57 silly idealTree:prePrune ├── mongodb-core@3.1.0
57 silly idealTree:prePrune ├── mongodb@3.1.1
57 silly idealTree:prePrune ├── require_optional@1.0.1
57 silly idealTree:prePrune ├── resolve-from@2.0.0
57 silly idealTree:prePrune ├── saslprep@1.0.0
57 silly idealTree:prePrune └── semver@5.5.0
58 silly loadIdealTree Finishing
59 silly currentTree tests@1.0.0
59 silly currentTree ├── @types/bson@1.0.10
59 silly currentTree ├── @types/events@1.2.0
59 silly currentTree ├── @types/mongodb@3.1.1
59 silly currentTree ├── @types/node@10.5.2
59 silly currentTree ├── bson@1.0.9
59 silly currentTree ├── mongodb-core@3.1.0
59 silly currentTree ├── mongodb@3.1.1
59 silly currentTree ├── require_optional@1.0.1
59 silly currentTree ├── resolve-from@2.0.0
59 silly currentTree ├── saslprep@1.0.0
59 silly currentTree └── semver@5.5.0
60 silly idealTree tests@1.0.0
60 silly idealTree ├── @types/bson@1.0.10
60 silly idealTree ├── @types/events@1.2.0
60 silly idealTree ├── @types/mongodb@3.1.1
60 silly idealTree ├── @types/node@10.5.2
60 silly idealTree ├── bson@1.0.9
60 silly idealTree ├── memwatch@0.2.2
60 silly idealTree ├── mongodb-core@3.1.0
60 silly idealTree ├── mongodb@3.1.1
60 silly idealTree ├── require_optional@1.0.1
60 silly idealTree ├── resolve-from@2.0.0
60 silly idealTree ├── saslprep@1.0.0
60 silly idealTree └── semver@5.5.0
61 silly generateActionsToTake Starting
62 silly install generateActionsToTake
63 silly generateActionsToTake Finishing
64 silly diffTrees action count 1
65 silly diffTrees add memwatch@0.2.2
66 silly decomposeActions action count 8
67 silly decomposeActions fetch memwatch@0.2.2
68 silly decomposeActions extract memwatch@0.2.2
69 silly decomposeActions test memwatch@0.2.2
70 silly decomposeActions preinstall memwatch@0.2.2
71 silly decomposeActions build memwatch@0.2.2
72 silly decomposeActions install memwatch@0.2.2
73 silly decomposeActions postinstall memwatch@0.2.2
74 silly decomposeActions finalize memwatch@0.2.2
75 silly executeActions Starting
76 silly install executeActions
77 silly doSerial global-install 0
78 silly doParallel fetch 1
79 verbose lock using /home/vladimir/.npm/_locks/staging-4d176160f09cbe99.lock for /home/vladimir/Documents/tests/node_modules/.staging
80 silly doParallel extract 1
81 silly extract memwatch@0.2.2
82 verbose unbuild node_modules/.staging/memwatch-720f7126
83 silly gentlyRm /home/vladimir/Documents/tests/node_modules/.staging/memwatch-720f7126 is being purged from base /home/vladimir/Documents/tests
84 verbose gentlyRm don't care about contents; nuking /home/vladimir/Documents/tests/node_modules/.staging/memwatch-720f7126
85 verbose tar unpack /home/vladimir/.npm/memwatch/0.2.2/package.tgz
86 verbose tar unpacking to /home/vladimir/Documents/tests/node_modules/.staging/memwatch-720f7126
87 silly gentlyRm /home/vladimir/Documents/tests/node_modules/.staging/memwatch-720f7126 is being purged
88 verbose gentlyRm don't care about contents; nuking /home/vladimir/Documents/tests/node_modules/.staging/memwatch-720f7126
89 silly gunzTarPerm modes [ '775', '664' ]
90 silly gunzTarPerm extractEntry package.json
91 silly gunzTarPerm modified mode [ 'package.json', 420, 436 ]
92 silly gunzTarPerm extractEntry .npmignore
93 silly gunzTarPerm modified mode [ '.npmignore', 420, 436 ]
94 silly gunzTarPerm extractEntry README.md
95 silly gunzTarPerm modified mode [ 'README.md', 420, 436 ]
96 silly gunzTarPerm extractEntry tests.js
97 silly gunzTarPerm modified mode [ 'tests.js', 420, 436 ]
98 silly gunzTarPerm extractEntry foo.js
99 silly gunzTarPerm modified mode [ 'foo.js', 420, 436 ]
100 silly gunzTarPerm extractEntry include.js
101 silly gunzTarPerm modified mode [ 'include.js', 420, 436 ]
102 silly gunzTarPerm extractEntry .travis.yml
103 silly gunzTarPerm modified mode [ '.travis.yml', 420, 436 ]
104 silly gunzTarPerm extractEntry ChangeLog
105 silly gunzTarPerm modified mode [ 'ChangeLog', 420, 436 ]
106 silly gunzTarPerm extractEntry #wscript#
107 silly gunzTarPerm modified mode [ '#wscript#', 420, 436 ]
108 silly gunzTarPerm extractEntry binding.gyp
109 silly gunzTarPerm modified mode [ 'binding.gyp', 420, 436 ]
110 silly gunzTarPerm extractEntry src/heapdiff.cc
111 silly gunzTarPerm modified mode [ 'src/heapdiff.cc', 420, 436 ]
112 silly gunzTarPerm extractEntry src/heapdiff.hh
113 silly gunzTarPerm modified mode [ 'src/heapdiff.hh', 420, 436 ]
114 silly gunzTarPerm extractEntry src/init.cc
115 silly gunzTarPerm modified mode [ 'src/init.cc', 420, 436 ]
116 silly gunzTarPerm extractEntry src/memwatch.cc
117 silly gunzTarPerm modified mode [ 'src/memwatch.cc', 420, 436 ]
118 silly gunzTarPerm extractEntry src/memwatch.hh
119 silly gunzTarPerm modified mode [ 'src/memwatch.hh', 420, 436 ]
120 silly gunzTarPerm extractEntry src/platformcompat.hh
121 silly gunzTarPerm modified mode [ 'src/platformcompat.hh', 420, 436 ]
122 silly gunzTarPerm extractEntry src/util.cc
123 silly gunzTarPerm modified mode [ 'src/util.cc', 420, 436 ]
124 silly gunzTarPerm extractEntry src/util.hh
125 silly gunzTarPerm modified mode [ 'src/util.hh', 420, 436 ]
126 silly gunzTarPerm extractEntry examples/basic_heapdiff.js
127 silly gunzTarPerm modified mode [ 'examples/basic_heapdiff.js', 420, 436 ]
128 silly gunzTarPerm extractEntry examples/do_nothing_server.js
129 silly gunzTarPerm modified mode [ 'examples/do_nothing_server.js', 420, 436 ]
130 silly gunzTarPerm extractEntry examples/slightly_leaky.js
131 silly gunzTarPerm modified mode [ 'examples/slightly_leaky.js', 420, 436 ]
132 silly gentlyRm /home/vladimir/Documents/tests/node_modules/.staging/memwatch-720f7126/node_modules is being purged
133 verbose gentlyRm don't care about contents; nuking /home/vladimir/Documents/tests/node_modules/.staging/memwatch-720f7126/node_modules
134 silly doParallel preinstall 1
135 silly preinstall memwatch@0.2.2 /home/vladimir/Documents/tests/node_modules/.staging/memwatch-720f7126
136 info lifecycle memwatch@0.2.2~preinstall: memwatch@0.2.2
137 silly lifecycle memwatch@0.2.2~preinstall: no script for preinstall, continuing
138 silly doReverseSerial remove 0
139 silly doSerial move 0
140 silly doSerial finalize 1
141 silly finalize /home/vladimir/Documents/tests/node_modules/memwatch
142 silly doSerial build 1
143 silly build memwatch@0.2.2
144 info linkStuff memwatch@0.2.2
145 silly linkStuff memwatch@0.2.2 has /home/vladimir/Documents/tests/node_modules as its parent node_modules
146 verbose linkBins memwatch@0.2.2
147 verbose linkMans memwatch@0.2.2
148 silly doSerial global-link 0
149 silly doParallel update-linked 0
150 silly doSerial install 1
151 silly install memwatch@0.2.2 /home/vladimir/Documents/tests/node_modules/.staging/memwatch-720f7126
152 info lifecycle memwatch@0.2.2~install: memwatch@0.2.2
153 verbose lifecycle memwatch@0.2.2~install: unsafe-perm in lifecycle true
154 verbose lifecycle memwatch@0.2.2~install: PATH: /usr/share/npm/bin/node-gyp-bin:/home/vladimir/Documents/tests/node_modules/memwatch/node_modules/.bin:/home/vladimir/Documents/tests/node_modules/.bin:/home/vladimir/.local/share/umake/bin:/usr/local/sbin:/usr/local/bin:/usr/sbin:/usr/bin:/sbin:/bin:/usr/games:/usr/local/games:/snap/bin
155 verbose lifecycle memwatch@0.2.2~install: CWD: /home/vladimir/Documents/tests/node_modules/memwatch
156 silly lifecycle memwatch@0.2.2~install: Args: [ '-c', 'node-gyp rebuild' ]
157 silly lifecycle memwatch@0.2.2~install: Returned: code: 1  signal: null
158 info lifecycle memwatch@0.2.2~install: Failed to exec install script
159 verbose unlock done using /home/vladimir/.npm/_locks/staging-4d176160f09cbe99.lock for /home/vladimir/Documents/tests/node_modules/.staging
160 silly rollbackFailedOptional Starting
161 silly rollbackFailedOptional Finishing
162 silly runTopLevelLifecycles Starting
163 silly runTopLevelLifecycles Finishing
164 silly install printInstalled
165 warn tests@1.0.0 No description
166 warn tests@1.0.0 No repository field.
167 verbose stack Error: memwatch@0.2.2 install: `node-gyp rebuild`
167 verbose stack Exit status 1
167 verbose stack     at EventEmitter.<anonymous> (/usr/share/npm/lib/utils/lifecycle.js:232:16)
167 verbose stack     at emitTwo (events.js:126:13)
167 verbose stack     at EventEmitter.emit (events.js:214:7)
167 verbose stack     at ChildProcess.<anonymous> (/usr/share/npm/lib/utils/spawn.js:24:14)
167 verbose stack     at emitTwo (events.js:126:13)
167 verbose stack     at ChildProcess.emit (events.js:214:7)
167 verbose stack     at maybeClose (internal/child_process.js:925:16)
167 verbose stack     at Process.ChildProcess._handle.onexit (internal/child_process.js:209:5)
168 verbose pkgid memwatch@0.2.2
169 verbose cwd /home/vladimir/Documents/tests
170 error Linux 4.15.0-24-generic
171 error argv "/usr/bin/node" "/usr/bin/npm" "i" "memwatch" "-S"
172 error node v8.10.0
173 error npm  v3.5.2
174 error code ELIFECYCLE
175 error memwatch@0.2.2 install: `node-gyp rebuild`
175 error Exit status 1
176 error Failed at the memwatch@0.2.2 install script 'node-gyp rebuild'.
176 error Make sure you have the latest version of node.js and npm installed.
176 error If you do, this is most likely a problem with the memwatch package,
176 error not with npm itself.
176 error Tell the author that this fails on your system:
176 error     node-gyp rebuild
176 error You can get information on how to open an issue for this project with:
176 error     npm bugs memwatch
176 error Or if that isn't available, you can get their info via:
176 error     npm owner ls memwatch
176 error There is likely additional logging output above.
177 verbose exit [ 1, true ]
